# JRE version: Java(TM) SE Runtime Environment (21.0.1+12) (build 21.0.1+12-LTS-29)
# Java VM: Java HotSpot(TM) 64-Bit Server VM (21.0.1+12-LTS-29, mixed mode, emulated-client, sharing, tiered, compressed oops, compressed class ptrs, g1 gc, bsd-aarch64)
GC Precious Log:
 CardTable entry size: 512
 Card Set container configuration: InlinePtr #cards 4 size 8 Array Of Cards #cards 64 size 144 Howl #buckets 8 coarsen threshold 14745 Howl Bitmap #cards 2048 size 272 coarsen threshold 1843 Card regions per heap region 1 cards per card region 16384
 CPUs: 10 total, 10 available
 Memory: 65536M
 Large Page Support: Disabled
 NUMA Support: Disabled
 Compressed Oops: Enabled (Zero based)
 Heap Region Size: 8M
 Heap Min Capacity: 8M
 Heap Initial Capacity: 1G
 Heap Max Capacity: 16G
 Pre-touch: Disabled
 Parallel Workers: 9
 Concurrent Workers: 2
 Concurrent Refinement Workers: 9
 Periodic GC: Disabled
Heap:
 garbage-first heap   total 163840K, used 132643K [0x0000000400000000, 0x0000000800000000)
  region size 8192K, 12 young (98304K), 1 survivors (8192K)
 Metaspace       used 56282K, committed 57344K, reserved 1114112K
  class space    used 7847K, committed 8256K, reserved 1048576K
GC Heap History (20 events):
Event: 100556.559 GC heap after
{Heap after GC invocations=202 (full 34):
 garbage-first heap   total 196608K, used 42382K [0x0000000400000000, 0x0000000800000000)
  region size 8192K, 0 young (0K), 0 survivors (0K)
 Metaspace       used 55653K, committed 56640K, reserved 1114112K
  class space    used 7744K, committed 8128K, reserved 1048576K
}
Event: 100559.947 GC heap before
{Heap before GC invocations=202 (full 34):
 garbage-first heap   total 196608K, used 116110K [0x0000000400000000, 0x0000000800000000)
  region size 8192K, 10 young (81920K), 0 survivors (0K)
 Metaspace       used 55718K, committed 56640K, reserved 1114112K
  class space    used 7755K, committed 8128K, reserved 1048576K
}
Event: 100560.002 GC heap after
{Heap after GC invocations=203 (full 35):
 garbage-first heap   total 163840K, used 39662K [0x0000000400000000, 0x0000000800000000)
  region size 8192K, 0 young (0K), 0 survivors (0K)
 Metaspace       used 55713K, committed 56640K, reserved 1114112K
  class space    used 7754K, committed 8128K, reserved 1048576K
}
Event: 100565.006 GC heap before
{Heap before GC invocations=203 (full 35):
 garbage-first heap   total 163840K, used 113390K [0x0000000400000000, 0x0000000800000000)
  region size 8192K, 10 young (81920K), 0 survivors (0K)
 Metaspace       used 55782K, committed 56704K, reserved 1114112K
  class space    used 7767K, committed 8128K, reserved 1048576K
}
Event: 100565.070 GC heap after
{Heap after GC invocations=204 (full 36):
 garbage-first heap   total 163840K, used 41583K [0x0000000400000000, 0x0000000800000000)
  region size 8192K, 0 young (0K), 0 survivors (0K)
 Metaspace       used 55782K, committed 56704K, reserved 1114112K
  class space    used 7767K, committed 8128K, reserved 1048576K
}
Event: 100594.289 GC heap before
{Heap before GC invocations=204 (full 36):
 garbage-first heap   total 163840K, used 115311K [0x0000000400000000, 0x0000000800000000)
  region size 8192K, 10 young (81920K), 0 survivors (0K)
 Metaspace       used 55846K, committed 56832K, reserved 1114112K
  class space    used 7777K, committed 8192K, reserved 1048576K
}
Event: 100594.343 GC heap after
{Heap after GC invocations=205 (full 37):
 garbage-first heap   total 163840K, used 44494K [0x0000000400000000, 0x0000000800000000)
  region size 8192K, 0 young (0K), 0 survivors (0K)
 Metaspace       used 55846K, committed 56832K, reserved 1114112K
  class space    used 7777K, committed 8192K, reserved 1048576K
}
Event: 100617.905 GC heap before
{Heap before GC invocations=205 (full 37):
 garbage-first heap   total 163840K, used 118222K [0x0000000400000000, 0x0000000800000000)
  region size 8192K, 10 young (81920K), 0 survivors (0K)
 Metaspace       used 55909K, committed 56896K, reserved 1114112K
  class space    used 7787K, committed 8192K, reserved 1048576K
}
Event: 100617.969 GC heap after
{Heap after GC invocations=206 (full 38):
 garbage-first heap   total 163840K, used 47311K [0x0000000400000000, 0x0000000800000000)
  region size 8192K, 0 young (0K), 0 survivors (0K)
 Metaspace       used 55909K, committed 56896K, reserved 1114112K
  class space    used 7787K, committed 8192K, reserved 1048576K
}
Event: 100672.534 GC heap before
{Heap before GC invocations=206 (full 38):
 garbage-first heap   total 163840K, used 121039K [0x0000000400000000, 0x0000000800000000)
  region size 8192K, 10 young (81920K), 0 survivors (0K)
 Metaspace       used 55973K, committed 56960K, reserved 1114112K
  class space    used 7797K, committed 8192K, reserved 1048576K
}
Event: 100672.592 GC heap after
{Heap after GC invocations=207 (full 39):
 garbage-first heap   total 163840K, used 39754K [0x0000000400000000, 0x0000000800000000)
  region size 8192K, 0 young (0K), 0 survivors (0K)
 Metaspace       used 55946K, committed 56960K, reserved 1114112K
  class space    used 7792K, committed 8192K, reserved 1048576K
}
Event: 100706.099 GC heap before
{Heap before GC invocations=207 (full 39):
 garbage-first heap   total 163840K, used 113482K [0x0000000400000000, 0x0000000800000000)
  region size 8192K, 10 young (81920K), 0 survivors (0K)
 Metaspace       used 56011K, committed 56960K, reserved 1114112K
  class space    used 7803K, committed 8192K, reserved 1048576K
}
Event: 100706.146 GC heap after
{Heap after GC invocations=208 (full 40):
 garbage-first heap   total 163840K, used 42622K [0x0000000400000000, 0x0000000800000000)
  region size 8192K, 0 young (0K), 0 survivors (0K)
 Metaspace       used 56011K, committed 56960K, reserved 1114112K
  class space    used 7803K, committed 8192K, reserved 1048576K
}
Event: 100729.377 GC heap before
{Heap before GC invocations=208 (full 40):
 garbage-first heap   total 163840K, used 116350K [0x0000000400000000, 0x0000000800000000)
  region size 8192K, 10 young (81920K), 0 survivors (0K)
 Metaspace       used 56081K, committed 57088K, reserved 1114112K
  class space    used 7814K, committed 8192K, reserved 1048576K
}
Event: 100729.426 GC heap after
{Heap after GC invocations=209 (full 41):
 garbage-first heap   total 163840K, used 39645K [0x0000000400000000, 0x0000000800000000)
  region size 8192K, 0 young (0K), 0 survivors (0K)
 Metaspace       used 56075K, committed 57088K, reserved 1114112K
  class space    used 7813K, committed 8192K, reserved 1048576K
}
Event: 100764.353 GC heap before
{Heap before GC invocations=209 (full 41):
 garbage-first heap   total 163840K, used 113373K [0x0000000400000000, 0x0000000800000000)
  region size 8192K, 10 young (81920K), 0 survivors (0K)
 Metaspace       used 56142K, committed 57216K, reserved 1114112K
  class space    used 7824K, committed 8256K, reserved 1048576K
}
Event: 100764.414 GC heap after
{Heap after GC invocations=210 (full 42):
 garbage-first heap   total 163840K, used 39696K [0x0000000400000000, 0x0000000800000000)
  region size 8192K, 0 young (0K), 0 survivors (0K)
 Metaspace       used 56139K, committed 57216K, reserved 1114112K
  class space    used 7824K, committed 8256K, reserved 1048576K
}
Event: 100812.251 GC heap before
{Heap before GC invocations=210 (full 42):
 garbage-first heap   total 163840K, used 113424K [0x0000000400000000, 0x0000000800000000)
  region size 8192K, 10 young (81920K), 0 survivors (0K)
 Metaspace       used 56214K, committed 57280K, reserved 1114112K
  class space    used 7836K, committed 8256K, reserved 1048576K
}
Event: 100812.309 GC heap after
{Heap after GC invocations=211 (full 43):
 garbage-first heap   total 163840K, used 42531K [0x0000000400000000, 0x0000000800000000)
  region size 8192K, 0 young (0K), 0 survivors (0K)
 Metaspace       used 56214K, committed 57280K, reserved 1114112K
  class space    used 7836K, committed 8256K, reserved 1048576K
}
Event: 101652.825 GC heap before
{Heap before GC invocations=211 (full 43):
 garbage-first heap   total 163840K, used 132643K [0x0000000400000000, 0x0000000800000000)
  region size 8192K, 11 young (90112K), 0 survivors (0K)
 Metaspace       used 56282K, committed 57344K, reserved 1114112K
  class space    used 7847K, committed 8256K, reserved 1048576K
}

